<?xml version="1.0" encoding="UTF-8"?>
<testsuites name="TS-01CuraKatalon" time="19" tests="2" failures="0" errors="0">
   <testsuite name="TS-01CuraKatalon" tests="2" failures="0" errors="0" time="19" timestamp="2018-12-18 20:20:40" hostname="aluno - DEVSL01.supera.com.br" id="Test Suites/TS-01CuraKatalon">
      <properties>
         <property name="deviceName" value=""/>
         <property name="devicePlatform" value=""/>
         <property name="logFolder" value="C:\\Users\\aluno\\Katalon Studio\\caso1teste\\Reports\\TS-01CuraKatalon\\20181218_202038"/>
         <property name="logFiles" value="C:\\Users\\aluno\\Katalon Studio\\caso1teste\\Reports\\TS-01CuraKatalon\\20181218_202038\\execution0.log"/>
         <property name="attachments" value=""/>
         <property name="hostName" value="aluno - DEVSL01.supera.com.br"/>
         <property name="os" value="Windows 10 64bit"/>
         <property name="katalonVersion" value="5.9.1.2"/>
         <property name="browser" value="Chrome 71.0.3578.98"/>
         <property name="hostAddress" value="192.168.6.31"/>
         <property name="sessionId" value="aaed0b7f1b0b2e137e2c606af79c5616"/>
         <property name="seleniumVersion" value="3.7.1"/>
         <property name="proxyInformation" value="ProxyInformation{proxyOption=NO_PROXY, proxyServerType=HTTP, password=, proxyServerAddress=, proxyServerPort=0}"/>
         <property name="platform" value="Windows 10"/>
      </properties>
      <testcase name="Test Cases/TC01-Login" classname="Test Cases/TC01-Login" status="PASSED">
         <system-out><![CDATA[2018-12-18 20:20:40 - [TEST_CASE][PASSED] - Test Cases/TC01-Login: Test Cases/TC01-Login

2018-12-18 20:20:41 - [TEST_STEP][PASSED] - openBrowser(""): Browser is opened with url: ''

2018-12-18 20:20:41 - [MESSAGE][INFO] - Starting 'Chrome' driver

2018-12-18 20:20:41 - [MESSAGE][INFO] - Action delay is set to 0 seconds

2018-12-18 20:20:44 - [MESSAGE][PASSED] - Browser is opened with url: ''

2018-12-18 20:20:44 - [TEST_STEP][PASSED] - navigateToUrl("https://katalon-demo-cura.herokuapp.com/"): Navigate to 'https://katalon-demo-cura.herokuapp.com/' successfully

2018-12-18 20:20:47 - [MESSAGE][PASSED] - Navigate to 'https://katalon-demo-cura.herokuapp.com/' successfully

2018-12-18 20:20:47 - [TEST_STEP][PASSED] - click(findTestObject("Object Repository/MarcaConsulta/a_Make Appointment")): Object: 'Object Repository/MarcaConsulta/a_Make Appointment' is clicked on

2018-12-18 20:20:48 - [MESSAGE][PASSED] - Object: 'Object Repository/MarcaConsulta/a_Make Appointment' is clicked on

2018-12-18 20:20:48 - [TEST_STEP][PASSED] - setEncryptedText(findTestObject("Object Repository/MarcaConsulta/input_Password_password"), "g3/DOGG74jC3Flrr3yH+3D/yKbOqqUNM"): Text ****** has been set on object 'Object Repository/MarcaConsulta/input_Password_password'

2018-12-18 20:20:48 - [MESSAGE][PASSED] - Text ****** has been set on object 'Object Repository/MarcaConsulta/input_Password_password'

2018-12-18 20:20:48 - [TEST_STEP][PASSED] - setText(findTestObject("Object Repository/MarcaConsulta/input_Username_username"), "John Doe"): Text 'John Doe' is set on object 'Object Repository/MarcaConsulta/input_Username_username'

2018-12-18 20:20:48 - [MESSAGE][PASSED] - Text 'John Doe' is set on object 'Object Repository/MarcaConsulta/input_Username_username'

2018-12-18 20:20:48 - [TEST_STEP][PASSED] - click(findTestObject("Object Repository/MarcaConsulta/button_Login")): Object: 'Object Repository/MarcaConsulta/button_Login' is clicked on

2018-12-18 20:20:48 - [MESSAGE][PASSED] - Object: 'Object Repository/MarcaConsulta/button_Login' is clicked on

2018-12-18 20:20:48 - [TEST_STEP][PASSED] - click(findTestObject("Object Repository/MarcaConsulta/label_Apply for hospital readm")): Object: 'Object Repository/MarcaConsulta/label_Apply for hospital readm' is clicked on

2018-12-18 20:20:49 - [MESSAGE][PASSED] - Object: 'Object Repository/MarcaConsulta/label_Apply for hospital readm' is clicked on

2018-12-18 20:20:49 - [TEST_STEP][PASSED] - setText(findTestObject("Object Repository/MarcaConsulta/input_Visit Date (Required)_vi"), "29/09/1993"): Text '29/09/1993' is set on object 'Object Repository/MarcaConsulta/input_Visit Date (Required)_vi'

2018-12-18 20:20:49 - [MESSAGE][PASSED] - Text '29/09/1993' is set on object 'Object Repository/MarcaConsulta/input_Visit Date (Required)_vi'

2018-12-18 20:20:49 - [TEST_STEP][PASSED] - setText(findTestObject("Object Repository/MarcaConsulta/textarea_Comment_comment"), "teste123 oj ogo"): Text 'teste123 oj ogo' is set on object 'Object Repository/MarcaConsulta/textarea_Comment_comment'

2018-12-18 20:20:49 - [MESSAGE][PASSED] - Text 'teste123 oj ogo' is set on object 'Object Repository/MarcaConsulta/textarea_Comment_comment'

2018-12-18 20:20:49 - [TEST_STEP][PASSED] - click(findTestObject("Object Repository/MarcaConsulta/button_Book Appointment")): Object: 'Object Repository/MarcaConsulta/button_Book Appointment' is clicked on

2018-12-18 20:20:49 - [MESSAGE][PASSED] - Object: 'Object Repository/MarcaConsulta/button_Book Appointment' is clicked on

2018-12-18 20:20:49 - [TEST_STEP][PASSED] - check(findTestObject("Object Repository/MarcaConsulta/div_Appointment Confirmation")): Object 'Object Repository/MarcaConsulta/div_Appointment Confirmation' is checked

2018-12-18 20:20:49 - [MESSAGE][PASSED] - Object 'Object Repository/MarcaConsulta/div_Appointment Confirmation' is checked

2018-12-18 20:20:49 - [TEST_STEP][PASSED] - click(findTestObject("Object Repository/MarcaConsulta/a_Go to Homepage")): Object: 'Object Repository/MarcaConsulta/a_Go to Homepage' is clicked on

2018-12-18 20:20:50 - [MESSAGE][PASSED] - Object: 'Object Repository/MarcaConsulta/a_Go to Homepage' is clicked on]]></system-out>
         <system-err><![CDATA[]]></system-err>
      </testcase>
      <testcase name="Test Cases/TC05-AGORAVAI" classname="Test Cases/TC05-AGORAVAI" status="PASSED">
         <system-out><![CDATA[2018-12-18 20:20:50 - [TEST_CASE][PASSED] - Test Cases/TC05-AGORAVAI: Test Cases/TC05-AGORAVAI

2018-12-18 20:20:50 - [TEST_STEP][PASSED] - openBrowser(""): Browser is opened with url: ''

2018-12-18 20:20:50 - [MESSAGE][WARNING] - A browser is already opened. Closing browser and opening a new one

2018-12-18 20:20:51 - [MESSAGE][INFO] - Starting 'Chrome' driver

2018-12-18 20:20:53 - [MESSAGE][PASSED] - Browser is opened with url: ''

2018-12-18 20:20:53 - [TEST_STEP][PASSED] - navigateToUrl("https://katalon-demo-cura.herokuapp.com/"): Navigate to 'https://katalon-demo-cura.herokuapp.com/' successfully

2018-12-18 20:20:56 - [MESSAGE][PASSED] - Navigate to 'https://katalon-demo-cura.herokuapp.com/' successfully

2018-12-18 20:20:56 - [TEST_STEP][PASSED] - click(findTestObject("Object Repository/AgoraFoi/a_Make Appointment")): Object: 'Object Repository/AgoraFoi/a_Make Appointment' is clicked on

2018-12-18 20:20:57 - [MESSAGE][PASSED] - Object: 'Object Repository/AgoraFoi/a_Make Appointment' is clicked on

2018-12-18 20:20:57 - [TEST_STEP][PASSED] - setText(findTestObject("Object Repository/AgoraFoi/input_Username_username"), "John Doe"): Text 'John Doe' is set on object 'Object Repository/AgoraFoi/input_Username_username'

2018-12-18 20:20:57 - [MESSAGE][PASSED] - Text 'John Doe' is set on object 'Object Repository/AgoraFoi/input_Username_username'

2018-12-18 20:20:57 - [TEST_STEP][PASSED] - setEncryptedText(findTestObject("Object Repository/AgoraFoi/input_Password_password"), "g3/DOGG74jC3Flrr3yH+3D/yKbOqqUNM"): Text ****** has been set on object 'Object Repository/AgoraFoi/input_Password_password'

2018-12-18 20:20:57 - [MESSAGE][PASSED] - Text ****** has been set on object 'Object Repository/AgoraFoi/input_Password_password'

2018-12-18 20:20:57 - [TEST_STEP][PASSED] - click(findTestObject("Object Repository/AgoraFoi/button_Login")): Object: 'Object Repository/AgoraFoi/button_Login' is clicked on

2018-12-18 20:20:57 - [MESSAGE][PASSED] - Object: 'Object Repository/AgoraFoi/button_Login' is clicked on

2018-12-18 20:20:57 - [TEST_STEP][PASSED] - setText(findTestObject("Object Repository/AgoraFoi/input_Visit Date (Required)_vi"), "29/09/1993"): Text '29/09/1993' is set on object 'Object Repository/AgoraFoi/input_Visit Date (Required)_vi'

2018-12-18 20:20:58 - [MESSAGE][PASSED] - Text '29/09/1993' is set on object 'Object Repository/AgoraFoi/input_Visit Date (Required)_vi'

2018-12-18 20:20:58 - [TEST_STEP][PASSED] - click(findTestObject("Object Repository/AgoraFoi/div_Comment")): Object: 'Object Repository/AgoraFoi/div_Comment' is clicked on

2018-12-18 20:20:58 - [MESSAGE][PASSED] - Object: 'Object Repository/AgoraFoi/div_Comment' is clicked on

2018-12-18 20:20:58 - [TEST_STEP][PASSED] - click(findTestObject("Object Repository/AgoraFoi/label_Apply for hospital readm")): Object: 'Object Repository/AgoraFoi/label_Apply for hospital readm' is clicked on

2018-12-18 20:20:58 - [MESSAGE][PASSED] - Object: 'Object Repository/AgoraFoi/label_Apply for hospital readm' is clicked on

2018-12-18 20:20:58 - [TEST_STEP][PASSED] - setText(findTestObject("Object Repository/AgoraFoi/textarea_Comment_comment"), "agoravai"): Text 'agoravai' is set on object 'Object Repository/AgoraFoi/textarea_Comment_comment'

2018-12-18 20:20:58 - [MESSAGE][PASSED] - Text 'agoravai' is set on object 'Object Repository/AgoraFoi/textarea_Comment_comment'

2018-12-18 20:20:58 - [TEST_STEP][PASSED] - click(findTestObject("Object Repository/AgoraFoi/button_Book Appointment")): Object: 'Object Repository/AgoraFoi/button_Book Appointment' is clicked on

2018-12-18 20:20:58 - [MESSAGE][PASSED] - Object: 'Object Repository/AgoraFoi/button_Book Appointment' is clicked on

2018-12-18 20:20:58 - [TEST_STEP][PASSED] - check(findTestObject("Object Repository/AgoraFoi/div_Appointment Confirmation")): Object 'Object Repository/AgoraFoi/div_Appointment Confirmation' is checked

2018-12-18 20:20:58 - [MESSAGE][PASSED] - Object 'Object Repository/AgoraFoi/div_Appointment Confirmation' is checked

2018-12-18 20:20:58 - [TEST_STEP][PASSED] - click(findTestObject("Object Repository/AgoraFoi/i_CURA Healthcare_fa fa-bars")): Object: 'Object Repository/AgoraFoi/i_CURA Healthcare_fa fa-bars' is clicked on

2018-12-18 20:20:59 - [MESSAGE][PASSED] - Object: 'Object Repository/AgoraFoi/i_CURA Healthcare_fa fa-bars' is clicked on

2018-12-18 20:20:59 - [TEST_STEP][PASSED] - click(findTestObject("Object Repository/AgoraFoi/a_History")): Object: 'Object Repository/AgoraFoi/a_History' is clicked on

2018-12-18 20:20:59 - [MESSAGE][PASSED] - Object: 'Object Repository/AgoraFoi/a_History' is clicked on

2018-12-18 20:20:59 - [TEST_STEP][PASSED] - check(findTestObject("Object Repository/AgoraFoi/div_29091993")): Object 'Object Repository/AgoraFoi/div_29091993' is checked

2018-12-18 20:20:59 - [MESSAGE][PASSED] - Object 'Object Repository/AgoraFoi/div_29091993' is checked

2018-12-18 20:20:59 - [TEST_STEP][PASSED] - click(findTestObject("Object Repository/AgoraFoi/a_Go to Homepage")): Object: 'Object Repository/AgoraFoi/a_Go to Homepage' is clicked on

2018-12-18 20:20:59 - [MESSAGE][PASSED] - Object: 'Object Repository/AgoraFoi/a_Go to Homepage' is clicked on

2018-12-18 20:20:59 - [TEST_STEP][PASSED] - closeBrowser(): Browser is closed

2018-12-18 20:21:00 - [MESSAGE][PASSED] - Browser is closed]]></system-out>
         <system-err><![CDATA[]]></system-err>
      </testcase>
      <system-out><![CDATA[2018-12-18 20:20:40 - [TEST_SUITE][PASSED] - TS-01CuraKatalon: Test Cases/TC05-AGORAVAI]]></system-out>
      <system-err><![CDATA[]]></system-err>
   </testsuite>
</testsuites>
